<?xml version="1.0" encoding="UTF-8"?>
<!-- Generated by org.testng.reporters.JUnitReportReporter -->
<testsuite hostname="Priyanka_Sharma" failures="0" tests="1" name="Testing.LoginUserCorrect" time="10.367" errors="0" timestamp="2025-09-25T23:45:53 IST" skipped="0">
  <testcase classname="Testing.LoginUserCorrect" name="loginWithCorrectCredentials" time="10.367"/>
</testsuite> <!-- Testing.LoginUserCorrect -->
