<?xml version="1.0" encoding="UTF-8"?>
<!-- Generated by org.testng.reporters.JUnitReportReporter -->
<testsuite hostname="Priyanka_Sharma" failures="0" tests="1" name="Testing.LoginUserIncorrect" time="8.182" errors="0" timestamp="2025-09-25T23:45:53 IST" skipped="0">
  <testcase classname="Testing.LoginUserIncorrect" name="loginWithIncorrectCredentials" time="8.182"/>
</testsuite> <!-- Testing.LoginUserIncorrect -->
