<?xml version="1.0" encoding="UTF-8"?>
<!-- Generated by org.testng.reporters.JUnitReportReporter -->
<testsuite hostname="Priyanka_Sharma" failures="0" tests="1" name="Testing.VerifySubscriptionHome" time="5.570" errors="0" timestamp="2025-09-25T23:45:53 IST" skipped="0">
  <testcase classname="Testing.VerifySubscriptionHome" name="verifySubscriptionTest" time="5.570"/>
</testsuite> <!-- Testing.VerifySubscriptionHome -->
